<?xml version="1.0" encoding="UTF-8"?>
<!-- Generated by org.testng.reporters.JUnitReportReporter -->
<testsuite hostname="SSIPL-20211215-02" failures="0" tests="4" name="com.movies.VerifyMovieDetails" time="85.387" errors="0" timestamp="2022-10-09T21:32:36 IST" skipped="0">
  <testcase classname="com.movies.VerifyMovieDetails" name="verifyMovieDetails" time="21.787"/>
  <system-out/>
  <testcase classname="com.movies.VerifyMovieDetails" name="verifyMovieDetails" time="24.310"/>
  <system-out/>
  <testcase classname="com.movies.VerifyMovieDetails" name="verifyMovieDetails" time="18.599"/>
  <system-out/>
  <testcase classname="com.movies.VerifyMovieDetails" name="verifyMovieDetails" time="20.691"/>
  <system-out/>
</testsuite> <!-- com.movies.VerifyMovieDetails -->
